<?xml version="1.0" encoding="utf-8"?><testsuites name="pytest tests"><testsuite name="pytest" errors="0" failures="0" skipped="0" tests="30" time="4.168" timestamp="2026-05-28T12:19:15.905922+00:00" hostname="agent-env-478999b3-f853-4408-a520-391be69521e5"><testcase classname="tests.backend_test" name="test_health" time="0.204" /><testcase classname="tests.backend_test" name="test_login_invalid" time="0.050" /><testcase classname="tests.backend_test" name="test_login_success" time="0.269" /><testcase classname="tests.backend_test" name="test_me_without_token" time="0.046" /><testcase classname="tests.backend_test" name="test_me_with_token" time="0.137" /><testcase classname="tests.backend_test" name="test_create_candidate" time="0.055" /><testcase classname="tests.backend_test" name="test_create_candidate_missing_field" time="0.045" /><testcase classname="tests.backend_test" name="test_create_company" time="0.054" /><testcase classname="tests.backend_test" name="test_create_company_missing_field" time="0.045" /><testcase classname="tests.backend_test" name="test_create_contact" time="0.052" /><testcase classname="tests.backend_test" name="test_upload_resume" time="0.267" /><testcase classname="tests.backend_test" name="test_admin_list_candidates_requires_token" time="0.052" /><testcase classname="tests.backend_test" name="test_admin_list_candidates" time="0.132" /><testcase classname="tests.backend_test" name="test_admin_list_candidates_filter_q" time="0.111" /><testcase classname="tests.backend_test" name="test_admin_get_candidate" time="0.108" /><testcase classname="tests.backend_test" name="test_admin_patch_candidate" time="0.274" /><testcase classname="tests.backend_test" name="test_admin_candidate_resume_download" time="0.250" /><testcase classname="tests.backend_test" name="test_admin_list_companies" time="0.116" /><testcase classname="tests.backend_test" name="test_admin_patch_company_status" time="0.144" /><testcase classname="tests.backend_test" name="test_admin_create_and_list_notes" time="0.292" /><testcase classname="tests.backend_test" name="test_admin_analytics" time="0.117" /><testcase classname="tests.backend_test" name="test_create_placement" time="0.165" /><testcase classname="tests.backend_test" name="test_placement_marks_candidate_placed" time="0.104" /><testcase classname="tests.backend_test" name="test_list_placements" time="0.113" /><testcase classname="tests.backend_test" name="test_create_invoice_computes_amounts" time="0.114" /><testcase classname="tests.backend_test" name="test_list_invoices" time="0.160" /><testcase classname="tests.backend_test" name="test_invoice_pdf" time="0.106" /><testcase classname="tests.backend_test" name="test_invoice_mark_paid" time="0.120" /><testcase classname="tests.backend_test" name="test_admin_contact_messages" time="0.111" /><testcase classname="tests.backend_test" name="test_admin_delete_candidate" time="0.262" /></testsuite></testsuites>